# JRE version: OpenJDK Runtime Environment (21.0.8) (build 21.0.8+-14196175-b1038.72)
# Java VM: OpenJDK 64-Bit Server VM (21.0.8+-14196175-b1038.72, mixed mode, tiered, compressed oops, compressed class ptrs, g1 gc, windows-amd64)
GC Precious Log:
 CardTable entry size: 512
 Card Set container configuration: InlinePtr #cards 4 size 8 Array Of Cards #cards 32 size 80 Howl #buckets 8 coarsen threshold 7372 Howl Bitmap #cards 1024 size 144 coarsen threshold 921 Card regions per heap region 1 cards per card region 8192
 CPUs: 6 total, 6 available
 Memory: 7541M
 Large Page Support: Disabled
 NUMA Support: Disabled
 Compressed Oops: Enabled (Zero based)
 Heap Region Size: 4M
 Heap Min Capacity: 8M
 Heap Initial Capacity: 120M
 Heap Max Capacity: 8G
 Pre-touch: Disabled
 Parallel Workers: 6
 Concurrent Workers: 2
 Concurrent Refinement Workers: 6
 Periodic GC: Disabled
Heap:
 garbage-first heap   total 405504K, used 302368K [0x0000000600000000, 0x0000000800000000)
  region size 4096K, 21 young (86016K), 5 survivors (20480K)
 Metaspace       used 143829K, committed 146240K, reserved 1179648K
  class space    used 19942K, committed 21120K, reserved 1048576K
GC Heap History (20 events):
Event: 35.865 GC heap before
{Heap before GC invocations=60 (full 0):
 garbage-first heap   total 253952K, used 195295K [0x0000000600000000, 0x0000000800000000)
  region size 4096K, 14 young (57344K), 2 survivors (8192K)
 Metaspace       used 129646K, committed 131904K, reserved 1179648K
  class space    used 18259K, committed 19328K, reserved 1048576K
}
Event: 35.871 GC heap after
{Heap after GC invocations=61 (full 0):
 garbage-first heap   total 253952K, used 152751K [0x0000000600000000, 0x0000000800000000)
  region size 4096K, 2 young (8192K), 2 survivors (8192K)
 Metaspace       used 129646K, committed 131904K, reserved 1179648K
  class space    used 18259K, committed 19328K, reserved 1048576K
}
Event: 36.264 GC heap before
{Heap before GC invocations=61 (full 0):
 garbage-first heap   total 253952K, used 218287K [0x0000000600000000, 0x0000000800000000)
  region size 4096K, 19 young (77824K), 2 survivors (8192K)
 Metaspace       used 129646K, committed 131904K, reserved 1179648K
  class space    used 18259K, committed 19328K, reserved 1048576K
}
Event: 36.275 GC heap after
{Heap after GC invocations=62 (full 0):
 garbage-first heap   total 307200K, used 151703K [0x0000000600000000, 0x0000000800000000)
  region size 4096K, 2 young (8192K), 2 survivors (8192K)
 Metaspace       used 129646K, committed 131904K, reserved 1179648K
  class space    used 18259K, committed 19328K, reserved 1048576K
}
Event: 37.970 GC heap before
{Heap before GC invocations=62 (full 0):
 garbage-first heap   total 307200K, used 274583K [0x0000000600000000, 0x0000000800000000)
  region size 4096K, 32 young (131072K), 2 survivors (8192K)
 Metaspace       used 130230K, committed 132480K, reserved 1179648K
  class space    used 18325K, committed 19392K, reserved 1048576K
}
Event: 37.983 GC heap after
{Heap after GC invocations=63 (full 0):
 garbage-first heap   total 307200K, used 173096K [0x0000000600000000, 0x0000000800000000)
  region size 4096K, 4 young (16384K), 4 survivors (16384K)
 Metaspace       used 130230K, committed 132480K, reserved 1179648K
  class space    used 18325K, committed 19392K, reserved 1048576K
}
Event: 38.952 GC heap before
{Heap before GC invocations=63 (full 0):
 garbage-first heap   total 307200K, used 263208K [0x0000000600000000, 0x0000000800000000)
  region size 4096K, 27 young (110592K), 4 survivors (16384K)
 Metaspace       used 130460K, committed 132736K, reserved 1179648K
  class space    used 18352K, committed 19456K, reserved 1048576K
}
Event: 38.962 GC heap after
{Heap after GC invocations=64 (full 0):
 garbage-first heap   total 307200K, used 184858K [0x0000000600000000, 0x0000000800000000)
  region size 4096K, 3 young (12288K), 3 survivors (12288K)
 Metaspace       used 130460K, committed 132736K, reserved 1179648K
  class space    used 18352K, committed 19456K, reserved 1048576K
}
Event: 39.451 GC heap before
{Heap before GC invocations=64 (full 0):
 garbage-first heap   total 307200K, used 238106K [0x0000000600000000, 0x0000000800000000)
  region size 4096K, 18 young (73728K), 3 survivors (12288K)
 Metaspace       used 130632K, committed 132928K, reserved 1179648K
  class space    used 18376K, committed 19456K, reserved 1048576K
}
Event: 39.458 GC heap after
{Heap after GC invocations=65 (full 0):
 garbage-first heap   total 307200K, used 192762K [0x0000000600000000, 0x0000000800000000)
  region size 4096K, 3 young (12288K), 3 survivors (12288K)
 Metaspace       used 130632K, committed 132928K, reserved 1179648K
  class space    used 18376K, committed 19456K, reserved 1048576K
}
Event: 40.140 GC heap before
{Heap before GC invocations=66 (full 0):
 garbage-first heap   total 335872K, used 274682K [0x0000000600000000, 0x0000000800000000)
  region size 4096K, 22 young (90112K), 3 survivors (12288K)
 Metaspace       used 130866K, committed 133184K, reserved 1179648K
  class space    used 18399K, committed 19520K, reserved 1048576K
}
Event: 40.148 GC heap after
{Heap after GC invocations=67 (full 0):
 garbage-first heap   total 335872K, used 201754K [0x0000000600000000, 0x0000000800000000)
  region size 4096K, 2 young (8192K), 2 survivors (8192K)
 Metaspace       used 130866K, committed 133184K, reserved 1179648K
  class space    used 18399K, committed 19520K, reserved 1048576K
}
Event: 41.173 GC heap before
{Heap before GC invocations=67 (full 0):
 garbage-first heap   total 335872K, used 291866K [0x0000000600000000, 0x0000000800000000)
  region size 4096K, 25 young (102400K), 2 survivors (8192K)
 Metaspace       used 131178K, committed 133504K, reserved 1179648K
  class space    used 18428K, committed 19520K, reserved 1048576K
}
Event: 41.187 GC heap after
{Heap after GC invocations=68 (full 0):
 garbage-first heap   total 335872K, used 207790K [0x0000000600000000, 0x0000000800000000)
  region size 4096K, 4 young (16384K), 4 survivors (16384K)
 Metaspace       used 131178K, committed 133504K, reserved 1179648K
  class space    used 18428K, committed 19520K, reserved 1048576K
}
Event: 42.028 GC heap before
{Heap before GC invocations=68 (full 0):
 garbage-first heap   total 335872K, used 293806K [0x0000000600000000, 0x0000000800000000)
  region size 4096K, 26 young (106496K), 4 survivors (16384K)
 Metaspace       used 131362K, committed 133760K, reserved 1179648K
  class space    used 18450K, committed 19584K, reserved 1048576K
}
Event: 42.044 GC heap after
{Heap after GC invocations=69 (full 0):
 garbage-first heap   total 405504K, used 213116K [0x0000000600000000, 0x0000000800000000)
  region size 4096K, 2 young (8192K), 2 survivors (8192K)
 Metaspace       used 131362K, committed 133760K, reserved 1179648K
  class space    used 18450K, committed 19584K, reserved 1048576K
}
Event: 43.906 GC heap before
{Heap before GC invocations=69 (full 0):
 garbage-first heap   total 405504K, used 348284K [0x0000000600000000, 0x0000000800000000)
  region size 4096K, 36 young (147456K), 2 survivors (8192K)
 Metaspace       used 138477K, committed 140864K, reserved 1179648K
  class space    used 19429K, committed 20608K, reserved 1048576K
}
Event: 43.921 GC heap after
{Heap after GC invocations=70 (full 0):
 garbage-first heap   total 405504K, used 225803K [0x0000000600000000, 0x0000000800000000)
  region size 4096K, 5 young (20480K), 5 survivors (20480K)
 Metaspace       used 138477K, committed 140864K, reserved 1179648K
  class space    used 19429K, committed 20608K, reserved 1048576K
}
Event: 45.287 GC heap before
{Heap before GC invocations=70 (full 0):
 garbage-first heap   total 405504K, used 348683K [0x0000000600000000, 0x0000000800000000)
  region size 4096K, 36 young (147456K), 5 survivors (20480K)
 Metaspace       used 141607K, committed 144064K, reserved 1179648K
  class space    used 19760K, committed 20928K, reserved 1048576K
}
Event: 45.316 GC heap after
{Heap after GC invocations=71 (full 0):
 garbage-first heap   total 405504K, used 245024K [0x0000000600000000, 0x0000000800000000)
  region size 4096K, 5 young (20480K), 5 survivors (20480K)
 Metaspace       used 141607K, committed 144064K, reserved 1179648K
  class space    used 19760K, committed 20928K, reserved 1048576K
}

